  Bootstrap.cpp
C:\Users\abruz\Documents\NYU\Computational Finance\Team_2_Final_Submission\Team_2_Final_Submission\Final_Project\Final_Integrated\Bootstrap.cpp(56,16): warning C4244: 'initializing': conversion from '_Rep' to 'unsigned int', possible loss of data
          with
          [
              _Rep=std::chrono::system_clock::rep
          ]
  GNUPlot.cpp
  Group.cpp
C:\Users\abruz\Documents\NYU\Computational Finance\Team_2_Final_Submission\Team_2_Final_Submission\Final_Project\Final_Integrated\Group.cpp(13,20): warning C4018: '<': signed/unsigned mismatch
C:\Users\abruz\Documents\NYU\Computational Finance\Team_2_Final_Submission\Team_2_Final_Submission\Final_Project\Final_Integrated\Group.cpp(25,20): warning C4018: '<': signed/unsigned mismatch
  main.cpp
  RetrieveData.cpp
C:\Users\abruz\Documents\NYU\Computational Finance\Team_2_Final_Submission\Team_2_Final_Submission\Final_Project\Final_Integrated\RetrieveData.cpp(12,10): fatal error C1083: Cannot open include file: 'curl/curl.h': No such file or directory
  Stocks.cpp
C:\Users\abruz\Documents\NYU\Computational Finance\Team_2_Final_Submission\Team_2_Final_Submission\Final_Project\Final_Integrated\Stocks.cpp(51,23): warning C4018: '<': signed/unsigned mismatch
C:\Users\abruz\Documents\NYU\Computational Finance\Team_2_Final_Submission\Team_2_Final_Submission\Final_Project\Final_Integrated\Stocks.cpp(58,23): warning C4018: '<': signed/unsigned mismatch
C:\Users\abruz\Documents\NYU\Computational Finance\Team_2_Final_Submission\Team_2_Final_Submission\Final_Project\Final_Integrated\Stocks.cpp(87,27): warning C4018: '<': signed/unsigned mismatch
C:\Users\abruz\Documents\NYU\Computational Finance\Team_2_Final_Submission\Team_2_Final_Submission\Final_Project\Final_Integrated\Stocks.cpp(106,101): warning C4129: '%': unrecognized character escape sequence
C:\Users\abruz\Documents\NYU\Computational Finance\Team_2_Final_Submission\Team_2_Final_Submission\Final_Project\Final_Integrated\Stocks.cpp(111,23): warning C4018: '<': signed/unsigned mismatch
  Generating Code...
